#
# There is insufficient memory for the Java Runtime Environment to continue.
# Native memory allocation (malloc) failed to allocate 1578736 bytes for Chunk::new
# Possible reasons:
#   The system is out of physical RAM or swap space
#   The process is running with CompressedOops enabled, and the Java Heap may be blocking the growth of the native heap
# Possible solutions:
#   Reduce memory load on the system
#   Increase physical memory or swap space
#   Check if swap backing store is full
#   Decrease Java heap size (-Xmx/-Xms)
#   Decrease number of Java threads
#   Decrease Java thread stack sizes (-Xss)
#   Set larger code cache with -XX:ReservedCodeCacheSize=
#   JVM is running with Unscaled Compressed Oops mode in which the Java heap is
#     placed in the first 4GB address space. The Java Heap base address is the
#     maximum limit for the native heap growth. Please use -XX:HeapBaseMinAddress
#     to set the Java Heap base and to place the Java Heap above 4GB virtual address.
# This output file may be truncated or incomplete.
#
#  Out of Memory Error (allocation.cpp:389), pid=11840, tid=0x0000000000000f74
#
# JRE version: Java(TM) SE Runtime Environment (8.0_333-b02) (build 1.8.0_333-b02)
# Java VM: Java HotSpot(TM) 64-Bit Server VM (25.333-b02 mixed mode windows-amd64 compressed oops)
# Failed to write core dump. Minidumps are not enabled by default on client versions of Windows
#

---------------  T H R E A D  ---------------

Current thread (0x000002cc688d7800):  JavaThread "C2 CompilerThread0" daemon [_thread_in_native, id=3956, stack(0x000000d902200000,0x000000d902300000)]

Stack: [0x000000d902200000,0x000000d902300000]
Native frames: (J=compiled Java code, j=interpreted, Vv=VM code, C=native code)
V  [jvm.dll+0x32fc49]
V  [jvm.dll+0x2761a2]
V  [jvm.dll+0x276e4d]
V  [jvm.dll+0x26d7f5]
V  [jvm.dll+0xd5a0c]
V  [jvm.dll+0xd620c]
V  [jvm.dll+0x4716a3]
V  [jvm.dll+0x438f18]
V  [jvm.dll+0x441d65]
V  [jvm.dll+0x441125]
V  [jvm.dll+0x42becb]
V  [jvm.dll+0xac68b]
V  [jvm.dll+0xaaceb]
V  [jvm.dll+0x23e6f2]
V  [jvm.dll+0x292edc]
C  [ucrtbase.dll+0x21bb2]
C  [KERNEL32.DLL+0x17034]
C  [ntdll.dll+0x52651]


Current CompileTask:
C2:   3891  392   !   4       sun.awt.image.PNGImageDecoder::produceImage (1916 bytes)


---------------  P R O C E S S  ---------------

Java Threads: ( => current thread )
  0x000002cc6a073800 JavaThread "TimerQueue" daemon [_thread_blocked, id=12240, stack(0x000000d902d00000,0x000000d902e00000)]
  0x000002cc69fa7800 JavaThread "Image Fetcher 1" daemon [_thread_blocked, id=12228, stack(0x000000d902c00000,0x000000d902d00000)]
  0x000002cc69fa8800 JavaThread "Image Fetcher 0" daemon [_thread_blocked, id=12216, stack(0x000000d902b00000,0x000000d902c00000)]
  0x000002cc520df000 JavaThread "DestroyJavaVM" [_thread_blocked, id=11668, stack(0x000000d901800000,0x000000d901900000)]
  0x000002cc697a8800 JavaThread "AWT-EventQueue-0" [_thread_in_native, id=5004, stack(0x000000d902a00000,0x000000d902b00000)]
  0x000002cc6979b000 JavaThread "AWT-Windows" daemon [_thread_in_native, id=6656, stack(0x000000d902900000,0x000000d902a00000)]
  0x000002cc69796800 JavaThread "AWT-Shutdown" [_thread_blocked, id=2500, stack(0x000000d902800000,0x000000d902900000)]
  0x000002cc69793000 JavaThread "Java2D Disposer" daemon [_thread_blocked, id=11704, stack(0x000000d902700000,0x000000d902800000)]
  0x000002cc6895e000 JavaThread "Service Thread" daemon [_thread_blocked, id=11468, stack(0x000000d902500000,0x000000d902600000)]
  0x000002cc688f0800 JavaThread "C1 CompilerThread2" daemon [_thread_blocked, id=11280, stack(0x000000d902400000,0x000000d902500000)]
  0x000002cc688de800 JavaThread "C2 CompilerThread1" daemon [_thread_blocked, id=6228, stack(0x000000d902300000,0x000000d902400000)]
=>0x000002cc688d7800 JavaThread "C2 CompilerThread0" daemon [_thread_in_native, id=3956, stack(0x000000d902200000,0x000000d902300000)]
  0x000002cc688d4000 JavaThread "Attach Listener" daemon [_thread_blocked, id=11384, stack(0x000000d902100000,0x000000d902200000)]
  0x000002cc688d3800 JavaThread "Signal Dispatcher" daemon [_thread_blocked, id=6856, stack(0x000000d902000000,0x000000d902100000)]
  0x000002cc68174800 JavaThread "Finalizer" daemon [_thread_blocked, id=4208, stack(0x000000d901f00000,0x000000d902000000)]
  0x000002cc688b6000 JavaThread "Reference Handler" daemon [_thread_blocked, id=11664, stack(0x000000d901e00000,0x000000d901f00000)]

Other Threads:
  0x000002cc68892800 VMThread [stack: 0x000000d901d00000,0x000000d901e00000] [id=9064]
  0x000002cc6896b800 WatcherThread [stack: 0x000000d902600000,0x000000d902700000] [id=11852]

VM state:not at safepoint (normal execution)

VM Mutex/Monitor currently owned by a thread: None

OutOfMemory and StackOverflow Exception counts:
OutOfMemoryError java_heap_errors=2

heap address: 0x0000000081e00000, size: 2018 MB, Compressed Oops mode: 32-bit
Narrow klass base: 0x0000000000000000, Narrow klass shift: 3
Compressed class space size: 1073741824 Address: 0x0000000100000000

Heap:
 PSYoungGen      total 48640K, used 18121K [0x00000000d5f80000, 0x00000000d9e00000, 0x0000000100000000)
  eden space 46592K, 38% used [0x00000000d5f80000,0x00000000d7132470,0x00000000d8d00000)
  from space 2048K, 0% used [0x00000000d8d00000,0x00000000d8d00000,0x00000000d8f00000)
  to   space 2048K, 0% used [0x00000000d9c00000,0x00000000d9c00000,0x00000000d9e00000)
 ParOldGen       total 193536K, used 103385K [0x0000000081e00000, 0x000000008db00000, 0x00000000d5f80000)
  object space 193536K, 53% used [0x0000000081e00000,0x00000000882f6660,0x000000008db00000)
 Metaspace       used 8929K, capacity 9168K, committed 9344K, reserved 1056768K
  class space    used 1064K, capacity 1131K, committed 1152K, reserved 1048576K

Card table byte_map: [0x000002cc62e90000,0x000002cc63290000] byte_map_base: 0x000002cc62a81000

Marking Bits: (ParMarkBitMap*) 0x0000000052f29030
 Begin Bits: [0x000002cc63540000, 0x000002cc654c8000)
 End Bits:   [0x000002cc654c8000, 0x000002cc67450000)

Polling page: 0x000002cc53aa0000

CodeCache: size=245760Kb used=2317Kb max_used=2317Kb free=243442Kb
 bounds [0x000002cc53ad0000, 0x000002cc53d40000, 0x000002cc62ad0000]
 total_blobs=907 nmethods=463 adapters=357
 compilation: enabled

Compilation events (10 events):
Event: 3.814 Thread 0x000002cc688f0800  459       3       java.nio.Bits::makeChar (12 bytes)
Event: 3.814 Thread 0x000002cc688f0800 nmethod 459 0x000002cc53d13290 code [0x000002cc53d133e0, 0x000002cc53d13538]
Event: 3.814 Thread 0x000002cc688f0800  461       3       java.nio.ByteBufferAsCharBufferB::ix (9 bytes)
Event: 3.814 Thread 0x000002cc688f0800 nmethod 461 0x000002cc53d135d0 code [0x000002cc53d13720, 0x000002cc53d13878]
Event: 3.815 Thread 0x000002cc688f0800  462       1       java.nio.channels.spi.AbstractInterruptibleChannel::isOpen (5 bytes)
Event: 3.815 Thread 0x000002cc688f0800 nmethod 462 0x000002cc53d13910 code [0x000002cc53d13a60, 0x000002cc53d13b78]
Event: 3.816 Thread 0x000002cc688f0800  463       3       java.nio.Bits::getIntB (30 bytes)
Event: 3.817 Thread 0x000002cc688f0800 nmethod 463 0x000002cc53d13bd0 code [0x000002cc53d13d60, 0x000002cc53d14260]
Event: 3.817 Thread 0x000002cc688f0800  464       3       java.nio.Bits::makeInt (29 bytes)
Event: 3.817 Thread 0x000002cc688f0800 nmethod 464 0x000002cc53d143d0 code [0x000002cc53d14520, 0x000002cc53d14678]

GC Heap History (10 events):
Event: 2.592 GC heap before
{Heap before GC invocations=9 (full 2):
 PSYoungGen      total 41984K, used 1475K [0x00000000d5f80000, 0x00000000da200000, 0x0000000100000000)
  eden space 36864K, 4% used [0x00000000d5f80000,0x00000000d60f0cb0,0x00000000d8380000)
  from space 5120K, 0% used [0x00000000d8500000,0x00000000d8500000,0x00000000d8a00000)
  to   space 1536K, 0% used [0x00000000d8380000,0x00000000d8380000,0x00000000d8500000)
 ParOldGen       total 175616K, used 103368K [0x0000000081e00000, 0x000000008c980000, 0x00000000d5f80000)
  object space 175616K, 58% used [0x0000000081e00000,0x00000000882f23f0,0x000000008c980000)
 Metaspace       used 7330K, capacity 7446K, committed 7680K, reserved 1056768K
  class space    used 853K, capacity 901K, committed 1024K, reserved 1048576K
Event: 2.593 GC heap after
Heap after GC invocations=9 (full 2):
 PSYoungGen      total 38400K, used 192K [0x00000000d5f80000, 0x00000000d9100000, 0x0000000100000000)
  eden space 36864K, 0% used [0x00000000d5f80000,0x00000000d5f80000,0x00000000d8380000)
  from space 1536K, 12% used [0x00000000d8380000,0x00000000d83b0000,0x00000000d8500000)
  to   space 2048K, 0% used [0x00000000d8f00000,0x00000000d8f00000,0x00000000d9100000)
 ParOldGen       total 175616K, used 103368K [0x0000000081e00000, 0x000000008c980000, 0x00000000d5f80000)
  object space 175616K, 58% used [0x0000000081e00000,0x00000000882f23f0,0x000000008c980000)
 Metaspace       used 7330K, capacity 7446K, committed 7680K, reserved 1056768K
  class space    used 853K, capacity 901K, committed 1024K, reserved 1048576K
}
Event: 2.594 GC heap before
{Heap before GC invocations=10 (full 2):
 PSYoungGen      total 38400K, used 192K [0x00000000d5f80000, 0x00000000d9100000, 0x0000000100000000)
  eden space 36864K, 0% used [0x00000000d5f80000,0x00000000d5f80000,0x00000000d8380000)
  from space 1536K, 12% used [0x00000000d8380000,0x00000000d83b0000,0x00000000d8500000)
  to   space 2048K, 0% used [0x00000000d8f00000,0x00000000d8f00000,0x00000000d9100000)
 ParOldGen       total 175616K, used 103368K [0x0000000081e00000, 0x000000008c980000, 0x00000000d5f80000)
  object space 175616K, 58% used [0x0000000081e00000,0x00000000882f23f0,0x000000008c980000)
 Metaspace       used 7330K, capacity 7446K, committed 7680K, reserved 1056768K
  class space    used 853K, capacity 901K, committed 1024K, reserved 1048576K
Event: 2.595 GC heap after
Heap after GC invocations=10 (full 2):
 PSYoungGen      total 48640K, used 160K [0x00000000d5f80000, 0x00000000d9700000, 0x0000000100000000)
  eden space 46592K, 0% used [0x00000000d5f80000,0x00000000d5f80000,0x00000000d8d00000)
  from space 2048K, 7% used [0x00000000d8f00000,0x00000000d8f28000,0x00000000d9100000)
  to   space 2048K, 0% used [0x00000000d8d00000,0x00000000d8d00000,0x00000000d8f00000)
 ParOldGen       total 175616K, used 103368K [0x0000000081e00000, 0x000000008c980000, 0x00000000d5f80000)
  object space 175616K, 58% used [0x0000000081e00000,0x00000000882f23f0,0x000000008c980000)
 Metaspace       used 7330K, capacity 7446K, committed 7680K, reserved 1056768K
  class space    used 853K, capacity 901K, committed 1024K, reserved 1048576K
}
Event: 2.595 GC heap before
{Heap before GC invocations=11 (full 3):
 PSYoungGen      total 48640K, used 160K [0x00000000d5f80000, 0x00000000d9700000, 0x0000000100000000)
  eden space 46592K, 0% used [0x00000000d5f80000,0x00000000d5f80000,0x00000000d8d00000)
  from space 2048K, 7% used [0x00000000d8f00000,0x00000000d8f28000,0x00000000d9100000)
  to   space 2048K, 0% used [0x00000000d8d00000,0x00000000d8d00000,0x00000000d8f00000)
 ParOldGen       total 175616K, used 103368K [0x0000000081e00000, 0x000000008c980000, 0x00000000d5f80000)
  object space 175616K, 58% used [0x0000000081e00000,0x00000000882f23f0,0x000000008c980000)
 Metaspace       used 7330K, capacity 7446K, committed 7680K, reserved 1056768K
  class space    used 853K, capacity 901K, committed 1024K, reserved 1048576K
Event: 2.611 GC heap after
Heap after GC invocations=11 (full 3):
 PSYoungGen      total 48640K, used 0K [0x00000000d5f80000, 0x00000000d9700000, 0x0000000100000000)
  eden space 46592K, 0% used [0x00000000d5f80000,0x00000000d5f80000,0x00000000d8d00000)
  from space 2048K, 0% used [0x00000000d8f00000,0x00000000d8f00000,0x00000000d9100000)
  to   space 2048K, 0% used [0x00000000d8d00000,0x00000000d8d00000,0x00000000d8f00000)
 ParOldGen       total 193536K, used 103385K [0x0000000081e00000, 0x000000008db00000, 0x00000000d5f80000)
  object space 193536K, 53% used [0x0000000081e00000,0x00000000882f6660,0x000000008db00000)
 Metaspace       used 7330K, capacity 7446K, committed 7680K, reserved 1056768K
  class space    used 853K, capacity 901K, committed 1024K, reserved 1048576K
}
Event: 2.611 GC heap before
{Heap before GC invocations=12 (full 3):
 PSYoungGen      total 48640K, used 0K [0x00000000d5f80000, 0x00000000d9700000, 0x0000000100000000)
  eden space 46592K, 0% used [0x00000000d5f80000,0x00000000d5f80000,0x00000000d8d00000)
  from space 2048K, 0% used [0x00000000d8f00000,0x00000000d8f00000,0x00000000d9100000)
  to   space 2048K, 0% used [0x00000000d8d00000,0x00000000d8d00000,0x00000000d8f00000)
 ParOldGen       total 193536K, used 103385K [0x0000000081e00000, 0x000000008db00000, 0x00000000d5f80000)
  object space 193536K, 53% used [0x0000000081e00000,0x00000000882f6660,0x000000008db00000)
 Metaspace       used 7330K, capacity 7446K, committed 7680K, reserved 1056768K
  class space    used 853K, capacity 901K, committed 1024K, reserved 1048576K
Event: 2.613 GC heap after
Heap after GC invocations=12 (full 3):
 PSYoungGen      total 48640K, used 0K [0x00000000d5f80000, 0x00000000d9e00000, 0x0000000100000000)
  eden space 46592K, 0% used [0x00000000d5f80000,0x00000000d5f80000,0x00000000d8d00000)
  from space 2048K, 0% used [0x00000000d8d00000,0x00000000d8d00000,0x00000000d8f00000)
  to   space 2048K, 0% used [0x00000000d9c00000,0x00000000d9c00000,0x00000000d9e00000)
 ParOldGen       total 193536K, used 103385K [0x0000000081e00000, 0x000000008db00000, 0x00000000d5f80000)
  object space 193536K, 53% used [0x0000000081e00000,0x00000000882f6660,0x000000008db00000)
 Metaspace       used 7330K, capacity 7446K, committed 7680K, reserved 1056768K
  class space    used 853K, capacity 901K, committed 1024K, reserved 1048576K
}
Event: 2.613 GC heap before
{Heap before GC invocations=13 (full 4):
 PSYoungGen      total 48640K, used 0K [0x00000000d5f80000, 0x00000000d9e00000, 0x0000000100000000)
  eden space 46592K, 0% used [0x00000000d5f80000,0x00000000d5f80000,0x00000000d8d00000)
  from space 2048K, 0% used [0x00000000d8d00000,0x00000000d8d00000,0x00000000d8f00000)
  to   space 2048K, 0% used [0x00000000d9c00000,0x00000000d9c00000,0x00000000d9e00000)
 ParOldGen       total 193536K, used 103385K [0x0000000081e00000, 0x000000008db00000, 0x00000000d5f80000)
  object space 193536K, 53% used [0x0000000081e00000,0x00000000882f6660,0x000000008db00000)
 Metaspace       used 7330K, capacity 7446K, committed 7680K, reserved 1056768K
  class space    used 853K, capacity 901K, committed 1024K, reserved 1048576K
Event: 2.622 GC heap after
Heap after GC invocations=13 (full 4):
 PSYoungGen      total 48640K, used 0K [0x00000000d5f80000, 0x00000000d9e00000, 0x0000000100000000)
  eden space 46592K, 0% used [0x00000000d5f80000,0x00000000d5f80000,0x00000000d8d00000)
  from space 2048K, 0% used [0x00000000d8d00000,0x00000000d8d00000,0x00000000d8f00000)
  to   space 2048K, 0% used [0x00000000d9c00000,0x00000000d9c00000,0x00000000d9e00000)
 ParOldGen       total 193536K, used 103385K [0x0000000081e00000, 0x000000008db00000, 0x00000000d5f80000)
  object space 193536K, 53% used [0x0000000081e00000,0x00000000882f6660,0x000000008db00000)
 Metaspace       used 7330K, capacity 7446K, committed 7680K, reserved 1056768K
  class space    used 853K, capacity 901K, committed 1024K, reserved 1048576K
}

Deoptimization events (8 events):
Event: 0.241 Thread 0x000002cc520df000 Uncommon trap: reason=null_check action=make_not_entrant pc=0x000002cc53c39170 method=java.lang.String.equals(Ljava/lang/Object;)Z @ 8
Event: 1.792 Thread 0x000002cc69fa7800 Uncommon trap: reason=unstable_if action=reinterpret pc=0x000002cc53c9382c method=java.awt.image.AreaAveragingScaleFilter.accumPixels(IIIILjava/awt/image/ColorModel;Ljava/lang/Object;II)V @ 4
Event: 3.432 Thread 0x000002cc69fa7800 Uncommon trap: reason=unstable_if action=reinterpret pc=0x000002cc53c9b620 method=java.awt.image.DirectColorModel.getAlpha(I)I @ 4
Event: 3.432 Thread 0x000002cc69fa7800 Uncommon trap: reason=unstable_if action=reinterpret pc=0x000002cc53c84d54 method=java.awt.image.DirectColorModel.getAlpha(I)I @ 4
Event: 3.432 Thread 0x000002cc69fa7800 Uncommon trap: reason=unstable_if action=reinterpret pc=0x000002cc53c7d3a0 method=java.awt.image.DirectColorModel.getAlpha(I)I @ 4
Event: 3.433 Thread 0x000002cc69fa7800 Uncommon trap: reason=unstable_if action=reinterpret pc=0x000002cc53c909a4 method=java.awt.image.DirectColorModel.getAlpha(I)I @ 4
Event: 3.443 Thread 0x000002cc69fa7800 Uncommon trap: reason=unstable_if action=reinterpret pc=0x000002cc53c823f4 method=java.lang.Math.round(F)I @ 23
Event: 3.581 Thread 0x000002cc69fa7800 Uncommon trap: reason=unstable_if action=reinterpret pc=0x000002cc53cee6ec method=sun.awt.image.PNGImageDecoder.produceImage()V @ 867

Classes redefined (0 events):
No events

Internal exceptions (10 events):
Event: 0.193 Thread 0x000002cc520df000 Exception <a 'java/lang/NoSuchFieldError': method resolution failed> (0x00000000d616e4e0) thrown at [C:\jenkins\workspace\8-2-build-windows-amd64-cygwin\jdk8u333\2551\hotspot\src\share\vm\prims\methodHandles.cpp, line 1169]
Event: 0.234 Thread 0x000002cc520df000 Exception <a 'java/security/PrivilegedActionException'> (0x00000000d61faab8) thrown at [C:\jenkins\workspace\8-2-build-windows-amd64-cygwin\jdk8u333\2551\hotspot\src\share\vm\prims\jvm.cpp, line 1523]
Event: 0.234 Thread 0x000002cc520df000 Exception <a 'java/security/PrivilegedActionException'> (0x00000000d61facc8) thrown at [C:\jenkins\workspace\8-2-build-windows-amd64-cygwin\jdk8u333\2551\hotspot\src\share\vm\prims\jvm.cpp, line 1523]
Event: 0.235 Thread 0x000002cc520df000 Exception <a 'java/security/PrivilegedActionException'> (0x00000000d61febd8) thrown at [C:\jenkins\workspace\8-2-build-windows-amd64-cygwin\jdk8u333\2551\hotspot\src\share\vm\prims\jvm.cpp, line 1523]
Event: 0.235 Thread 0x000002cc520df000 Exception <a 'java/security/PrivilegedActionException'> (0x00000000d61fede8) thrown at [C:\jenkins\workspace\8-2-build-windows-amd64-cygwin\jdk8u333\2551\hotspot\src\share\vm\prims\jvm.cpp, line 1523]
Event: 0.241 Thread 0x000002cc520df000 Implicit null exception at 0x000002cc53c38fa2 to 0x000002cc53c39161
Event: 0.245 Thread 0x000002cc520df000 Exception <a 'java/io/FileNotFoundException'> (0x00000000d6205628) thrown at [C:\jenkins\workspace\8-2-build-windows-amd64-cygwin\jdk8u333\2551\hotspot\src\share\vm\prims\jni.cpp, line 710]
Event: 0.310 Thread 0x000002cc697a8800 Exception <a 'java/io/FileNotFoundException'> (0x00000000d6374db8) thrown at [C:\jenkins\workspace\8-2-build-windows-amd64-cygwin\jdk8u333\2551\hotspot\src\share\vm\prims\jni.cpp, line 710]
Event: 1.790 Thread 0x000002cc697c9000 Exception <a 'java/lang/OutOfMemoryError'> (0x0000000088279818) thrown at [C:\jenkins\workspace\8-2-build-windows-amd64-cygwin\jdk8u333\2551\hotspot\src\share\vm\gc_interface/collectedHeap.inline.hpp, line 157]
Event: 2.622 Thread 0x000002cc69fa7800 Exception <a 'java/lang/OutOfMemoryError'> (0x0000000088271a48) thrown at [C:\jenkins\workspace\8-2-build-windows-amd64-cygwin\jdk8u333\2551\hotspot\src\share\vm\gc_interface/collectedHeap.inline.hpp, line 157]

Events (10 events):
Event: 3.819 loading class sun/awt/image/BufImgSurfaceManager
Event: 3.819 loading class sun/awt/image/BufImgSurfaceManager done
Event: 3.819 loading class sun/java2d/loops/Blit$GeneralMaskBlit
Event: 3.819 loading class sun/java2d/loops/Blit$GeneralMaskBlit done
Event: 3.823 loading class java/awt/EventQueue$4
Event: 3.823 loading class java/awt/EventQueue$4 done
Event: 3.823 loading class sun/awt/dnd/SunDropTargetEvent
Event: 3.823 loading class sun/awt/dnd/SunDropTargetEvent done
Event: 3.823 loading class java/awt/event/FocusEvent
Event: 3.823 loading class java/awt/event/FocusEvent done


Dynamic libraries:
0x00007ff788bb0000 - 0x00007ff788bf7000 	C:\Program Files\Java\jdk1.8.0_333\bin\java.exe
0x00007ff87d110000 - 0x00007ff87d305000 	C:\WINDOWS\SYSTEM32\ntdll.dll
0x00007ff87c990000 - 0x00007ff87ca4e000 	C:\WINDOWS\System32\KERNEL32.DLL
0x00007ff87ad60000 - 0x00007ff87b028000 	C:\WINDOWS\System32\KERNELBASE.dll
0x00007ff87b320000 - 0x00007ff87b3ce000 	C:\WINDOWS\System32\ADVAPI32.dll
0x00007ff87b3d0000 - 0x00007ff87b46e000 	C:\WINDOWS\System32\msvcrt.dll
0x00007ff87b890000 - 0x00007ff87b92c000 	C:\WINDOWS\System32\sechost.dll
0x00007ff87ca50000 - 0x00007ff87cb75000 	C:\WINDOWS\System32\RPCRT4.dll
0x00007ff87c150000 - 0x00007ff87c2f0000 	C:\WINDOWS\System32\USER32.dll
0x00007ff87b0a0000 - 0x00007ff87b0c2000 	C:\WINDOWS\System32\win32u.dll
0x00007ff87c2f0000 - 0x00007ff87c31a000 	C:\WINDOWS\System32\GDI32.dll
0x00007ff87ac50000 - 0x00007ff87ad5b000 	C:\WINDOWS\System32\gdi32full.dll
0x00007ff87b0d0000 - 0x00007ff87b16d000 	C:\WINDOWS\System32\msvcp_win.dll
0x00007ff87ab50000 - 0x00007ff87ac50000 	C:\WINDOWS\System32\ucrtbase.dll
0x00007ff86b060000 - 0x00007ff86b2fa000 	C:\WINDOWS\WinSxS\amd64_microsoft.windows.common-controls_6595b64144ccf1df_6.0.19041.1110_none_60b5254171f9507e\COMCTL32.dll
0x00007ff87c8e0000 - 0x00007ff87c910000 	C:\WINDOWS\System32\IMM32.DLL
0x00007ff874f80000 - 0x00007ff874f95000 	C:\Program Files\Java\jdk1.8.0_333\jre\bin\vcruntime140.dll
0x00007ff866550000 - 0x00007ff8665eb000 	C:\Program Files\Java\jdk1.8.0_333\jre\bin\msvcp140.dll
0x0000000052740000 - 0x0000000052fa1000 	C:\Program Files\Java\jdk1.8.0_333\jre\bin\server\jvm.dll
0x00007ff87b7d0000 - 0x00007ff87b7d8000 	C:\WINDOWS\System32\PSAPI.DLL
0x00007ff866e60000 - 0x00007ff866e87000 	C:\WINDOWS\SYSTEM32\WINMM.dll
0x00007ff86b040000 - 0x00007ff86b04a000 	C:\WINDOWS\SYSTEM32\VERSION.dll
0x00007ff874fa0000 - 0x00007ff874fa9000 	C:\WINDOWS\SYSTEM32\WSOCK32.dll
0x00007ff87cb80000 - 0x00007ff87cbeb000 	C:\WINDOWS\System32\WS2_32.dll
0x00007ff878750000 - 0x00007ff878762000 	C:\WINDOWS\SYSTEM32\kernel.appcore.dll
0x00007ff875e60000 - 0x00007ff875e70000 	C:\Program Files\Java\jdk1.8.0_333\jre\bin\verify.dll
0x00007ff870f30000 - 0x00007ff870f5b000 	C:\Program Files\Java\jdk1.8.0_333\jre\bin\java.dll
0x00007ff874f60000 - 0x00007ff874f78000 	C:\Program Files\Java\jdk1.8.0_333\jre\bin\zip.dll
0x00007ff87b930000 - 0x00007ff87c074000 	C:\WINDOWS\System32\SHELL32.dll
0x00007ff878950000 - 0x00007ff8790e4000 	C:\WINDOWS\SYSTEM32\windows.storage.dll
0x00007ff87cd10000 - 0x00007ff87d064000 	C:\WINDOWS\System32\combase.dll
0x00007ff87a2a0000 - 0x00007ff87a2cc000 	C:\WINDOWS\SYSTEM32\Wldp.dll
0x00007ff87b470000 - 0x00007ff87b51d000 	C:\WINDOWS\System32\SHCORE.dll
0x00007ff87b6e0000 - 0x00007ff87b735000 	C:\WINDOWS\System32\shlwapi.dll
0x00007ff87a770000 - 0x00007ff87a78f000 	C:\WINDOWS\SYSTEM32\profapi.dll
0x00007ff848430000 - 0x00007ff8485c5000 	C:\Program Files\Java\jdk1.8.0_333\jre\bin\awt.dll
0x00007ff87c080000 - 0x00007ff87c14d000 	C:\WINDOWS\System32\OLEAUT32.dll
0x00007ff877790000 - 0x00007ff877820000 	C:\WINDOWS\SYSTEM32\apphelp.dll
0x00007ff877920000 - 0x00007ff8779be000 	C:\WINDOWS\system32\uxtheme.dll
0x00007ff87cbf0000 - 0x00007ff87cd05000 	C:\WINDOWS\System32\MSCTF.dll
0x00007ff87b550000 - 0x00007ff87b67a000 	C:\WINDOWS\System32\ole32.dll
0x00007ff87aac0000 - 0x00007ff87ab42000 	C:\WINDOWS\System32\bcryptPrimitives.dll
0x00007ff878540000 - 0x00007ff87856f000 	C:\WINDOWS\system32\DWMAPI.DLL
0x00007ff8560e0000 - 0x00007ff856206000 	C:\WINDOWS\system32\opengl32.dll
0x00007ff86ab20000 - 0x00007ff86ab4c000 	C:\WINDOWS\SYSTEM32\GLU32.dll
0x00007ff86eb30000 - 0x00007ff86eb62000 	C:\Program Files\Java\jdk1.8.0_333\jre\bin\jpeg.dll
0x00007ff86e690000 - 0x00007ff86e6d9000 	C:\Program Files\Java\jdk1.8.0_333\jre\bin\fontmanager.dll
0x00007ff86ecc0000 - 0x00007ff86edb9000 	C:\WINDOWS\SYSTEM32\textinputframework.dll
0x00007ff877560000 - 0x00007ff877652000 	C:\WINDOWS\System32\CoreMessaging.dll
0x00007ff877200000 - 0x00007ff87755e000 	C:\WINDOWS\System32\CoreUIComponents.dll
0x00007ff879540000 - 0x00007ff879573000 	C:\WINDOWS\SYSTEM32\ntmarta.dll
0x00007ff875ea0000 - 0x00007ff875ff4000 	C:\WINDOWS\SYSTEM32\wintypes.dll
0x00007ff873fe0000 - 0x00007ff873ffc000 	C:\Program Files\Java\jdk1.8.0_333\jre\bin\net.dll
0x00007ff87a000000 - 0x00007ff87a06a000 	C:\WINDOWS\system32\mswsock.dll
0x00007ff870c80000 - 0x00007ff870c93000 	C:\Program Files\Java\jdk1.8.0_333\jre\bin\nio.dll
0x00007ff8662e0000 - 0x00007ff866323000 	C:\Program Files\Java\jdk1.8.0_333\jre\bin\t2k.dll
0x00007ff877ac0000 - 0x00007ff877ca4000 	C:\WINDOWS\SYSTEM32\dbghelp.dll

VM Arguments:
jvm_args: -Dfile.encoding=UTF-8 
java_command: Window
java_class_path (initial): C:\Users\Ahmed\Ascenseurs\build\classes
Launcher Type: SUN_STANDARD

Environment Variables:
PATH=C:\Program Files (x86)\Common Files\Oracle\Java\javapath;C:\WINDOWS\system32;C:\WINDOWS;C:\WINDOWS\System32\Wbem;C:\WINDOWS\System32\WindowsPowerShell\v1.0\;C:\WINDOWS\System32\OpenSSH\;C:\wamp64\bin\php\php7.4.26;C:\ProgramData\ComposerSetup\bin;C:\wamp64\bin\php\php8.1.0;"C:\Users\Ahmed\Pythonpython310\;C:\Users\Ahmed\Python\python310\Scripts";C:\Program Files\nodejs\;C:\Program Files\Git\cmd;"C:\Users\Ahmed\Pythonpython39\;C:\Users\Ahmed\Python\python39\Scripts";C:\Users\Ahmed\Python\python39\Scripts\;C:\Users\Ahmed\Python\python39\;C:\Users\Ahmed\Python\python310\Scripts\;C:\Users\Ahmed\Python\python310;C:\Users\Ahmed\AppData\Local\Microsoft\WindowsApps;C:\Program Files\JetBrains\IntelliJ IDEA Community Edition 2021.3.2\bin;;C:\Users\Ahmed\AppData\Local\Programs\Microsoft VS Code\bin;C:\Users\Ahmed\AppData\Roaming\Composer\vendor\bin;C:\Program Files\JetBrains\PyCharm Community Edition 2021.3.3\bin;;C:\Users\Ahmed\AppData\Local\GitHubDesktop\bin;C:\Users\Ahmed\AppData\Roaming\npm;
USERNAME=Ahmed
OS=Windows_NT
PROCESSOR_IDENTIFIER=Intel64 Family 6 Model 61 Stepping 4, GenuineIntel



---------------  S Y S T E M  ---------------

OS: Windows 10 , 64 bit Build 19041 (10.0.19041.1645)

CPU:total 4 (initial active 4) (2 cores per cpu, 2 threads per core) family 6 model 61 stepping 4, cmov, cx8, fxsr, mmx, sse, sse2, sse3, ssse3, sse4.1, sse4.2, popcnt, avx, avx2, aes, clmul, erms, rtm, 3dnowpref, lzcnt, ht, tsc, tscinvbit, bmi1, bmi2, adx

Memory: 4k page, physical 8260696k(319712k free), swap 23707472k(4780k free)

vm_info: Java HotSpot(TM) 64-Bit Server VM (25.333-b02) for windows-amd64 JRE (1.8.0_333-b02), built on Apr 25 2022 22:49:11 by "java_re" with MS VC++ 15.9 (VS2017)

time: Fri May 13 01:44:58 2022
timezone: Morocco Summer Time
elapsed time: 3.897906 seconds (0d 0h 0m 3s)

